AvifRenderTest/AndroidStudioProjects/AvifRenderTest/app/build/intermediates/manifest_merge_blame_file/debug/manifest-merger-blame-debug-report.txt
1<?xml version="1.0" encoding="utf-8"?>
2<manifest xmlns:android="http://schemas.android.com/apk/res/android"
3    package="com.example.avifexamples.avifrendertest"
4    android:versionCode="1"
5    android:versionName="1.0" >
6
7    <uses-sdk
8        android:minSdkVersion="23"
8-->src/main/AndroidManifest.xml
9        android:targetSdkVersion="30" />
9-->src/main/AndroidManifest.xml
10
11    <uses-permission android:name="android.permission.WRITE_EXTERNAL_STORAGE" />
11-->src/main/AndroidManifest.xml:26:5-80
11-->src/main/AndroidManifest.xml:26:22-78
12    <uses-permission android:name="android.permission.READ_EXTERNAL_STORAGE" />
12-->src/main/AndroidManifest.xml:27:5-79
12-->src/main/AndroidManifest.xml:27:22-77
13
14    <application
14-->src/main/AndroidManifest.xml:5:5-24:19
15        android:allowBackup="true"
15-->src/main/AndroidManifest.xml:6:9-35
16        android:appComponentFactory="androidx.core.app.CoreComponentFactory"
16-->[androidx.core:core:1.3.1] AndroidManifest.xml:24:18-86
17        android:debuggable="true"
18        android:extractNativeLibs="false"
19        android:icon="@mipmap/ic_launcher"
19-->src/main/AndroidManifest.xml:7:9-43
20        android:label="@string/app_name"
20-->src/main/AndroidManifest.xml:8:9-41
21        android:roundIcon="@mipmap/ic_launcher_round"
21-->src/main/AndroidManifest.xml:9:9-54
22        android:supportsRtl="true"
22-->src/main/AndroidManifest.xml:10:9-35
23        android:testOnly="true"
24        android:theme="@style/Theme.AvifRenderTest" >
24-->src/main/AndroidManifest.xml:11:9-52
25        <activity
25-->src/main/AndroidManifest.xml:12:9-20:20
26            android:name="com.example.avifexamples.avifrendertest.MainActivity"
26-->src/main/AndroidManifest.xml:13:13-41
27            android:exported="true" >
27-->src/main/AndroidManifest.xml:14:13-36
28            <intent-filter>
28-->src/main/AndroidManifest.xml:15:13-19:29
29                <action android:name="android.intent.action.MAIN" />
29-->src/main/AndroidManifest.xml:16:17-69
29-->src/main/AndroidManifest.xml:16:25-66
30
31                <category android:name="android.intent.category.LAUNCHER" />
31-->src/main/AndroidManifest.xml:18:17-77
31-->src/main/AndroidManifest.xml:18:27-74
32            </intent-filter>
33        </activity>
34        <activity android:name="com.example.avifexamples.avifrendertest.AvifDecoder" />
34-->src/main/AndroidManifest.xml:22:9-49
34-->src/main/AndroidManifest.xml:22:19-46
35    </application>
36
37</manifest>